<?xml version="1.0" encoding="UTF-8"?>
<!-- Generated by org.testng.reporters.JUnitReportReporter -->
<testsuite skipped="0" hostname="DESKTOP-803K56V" name="com.OrangeHRM.testCases.TC002_ForgotYourPasswordLink" tests="1" failures="0" timestamp="16 Jun 2022 01:12:28 GMT" time="8.406" errors="0">
  <testcase name="forgotYourPasswordLinkTest" time="8.406" classname="com.OrangeHRM.testCases.TC002_ForgotYourPasswordLink"/>
</testsuite> <!-- com.OrangeHRM.testCases.TC002_ForgotYourPasswordLink -->
