<?xml version="1.0" encoding="UTF-8"?>
<!-- Generated by org.testng.reporters.JUnitReportReporter -->
<testsuite skipped="0" hostname="DESKTOP-803K56V" name="com.OrangeHRM.testCases.TC001_UserLogin" tests="1" failures="0" timestamp="16 Jun 2022 01:12:28 GMT" time="11.854" errors="0">
  <testcase name="loginTest" time="11.854" classname="com.OrangeHRM.testCases.TC001_UserLogin"/>
</testsuite> <!-- com.OrangeHRM.testCases.TC001_UserLogin -->
